mode: set
tiny_url/shorturl/endpoint.go:14.54,15.77 1 1
tiny_url/shorturl/endpoint.go:15.77,19.3 3 1
tiny_url/shorturl/endpoint.go:22.51,23.77 1 1
tiny_url/shorturl/endpoint.go:23.77,31.3 7 1
tiny_url/shorturl/repository.go:23.63,28.2 4 0
tiny_url/shorturl/repository.go:30.59,34.2 3 0
tiny_url/shorturl/repository.go:36.69,40.2 3 0
tiny_url/shorturl/repository.go:42.49,44.2 1 0
tiny_url/shorturl/service.go:32.65,37.9 4 1
tiny_url/shorturl/service.go:50.2,50.79 1 1
tiny_url/shorturl/service.go:37.9,39.93 2 1
tiny_url/shorturl/service.go:45.3,46.46 2 1
tiny_url/shorturl/service.go:39.93,41.20 2 1
tiny_url/shorturl/service.go:41.20,43.5 1 0
tiny_url/shorturl/service.go:47.3,49.3 1 0
tiny_url/shorturl/service.go:53.63,58.9 4 1
tiny_url/shorturl/service.go:67.2,67.75 1 1
tiny_url/shorturl/service.go:58.9,60.42 2 1
tiny_url/shorturl/service.go:63.3,63.43 1 1
tiny_url/shorturl/service.go:60.42,62.4 1 1
tiny_url/shorturl/service.go:64.3,66.3 1 0
tiny_url/shorturl/service.go:72.73,74.2 1 1
tiny_url/shorturl/transport.go:22.100,45.2 6 1
tiny_url/shorturl/transport.go:47.81,50.9 3 1
tiny_url/shorturl/transport.go:54.2,54.39 1 1
tiny_url/shorturl/transport.go:57.2,59.8 1 1
tiny_url/shorturl/transport.go:50.9,52.3 1 0
tiny_url/shorturl/transport.go:54.39,56.3 1 0
tiny_url/shorturl/transport.go:62.84,64.61 2 1
tiny_url/shorturl/transport.go:67.2,67.42 1 1
tiny_url/shorturl/transport.go:70.2,70.17 1 1
tiny_url/shorturl/transport.go:64.61,66.3 1 0
tiny_url/shorturl/transport.go:67.42,69.3 1 1
tiny_url/shorturl/transport.go:74.71,76.13 2 1
tiny_url/shorturl/transport.go:84.2,86.4 1 1
tiny_url/shorturl/transport.go:77.71,78.39 1 1
tiny_url/shorturl/transport.go:79.25,80.37 1 0
tiny_url/shorturl/transport.go:81.10,82.48 1 0
tiny_url/shorturl/transport.go:89.93,90.57 1 1
tiny_url/shorturl/transport.go:94.2,95.44 2 1
tiny_url/shorturl/transport.go:90.57,93.3 2 0
